mode: set
github.com/dasiyes/ivmsesman/ivmsesman.go:46.39,47.13 1 1
github.com/dasiyes/ivmsesman/ivmsesman.go:48.14,49.18 1 1
github.com/dasiyes/ivmsesman/ivmsesman.go:50.17,51.21 1 1
github.com/dasiyes/ivmsesman/ivmsesman.go:52.13,53.17 1 1
github.com/dasiyes/ivmsesman/ivmsesman.go:54.10,55.12 1 1
github.com/dasiyes/ivmsesman/ivmsesman.go:64.55,67.2 1 1
github.com/dasiyes/ivmsesman/ivmsesman.go:70.69,72.9 2 1
github.com/dasiyes/ivmsesman/ivmsesman.go:75.2,75.40 1 1
github.com/dasiyes/ivmsesman/ivmsesman.go:78.2,78.51 1 1
github.com/dasiyes/ivmsesman/ivmsesman.go:72.9,74.3 1 1
github.com/dasiyes/ivmsesman/ivmsesman.go:75.40,77.3 1 1
github.com/dasiyes/ivmsesman/ivmsesman.go:133.68,135.45 1 1
github.com/dasiyes/ivmsesman/ivmsesman.go:139.2,139.21 1 1
github.com/dasiyes/ivmsesman/ivmsesman.go:143.2,143.37 1 0
github.com/dasiyes/ivmsesman/ivmsesman.go:135.45,136.72 1 1
github.com/dasiyes/ivmsesman/ivmsesman.go:139.21,140.61 1 1
github.com/dasiyes/ivmsesman/ivmsesman.go:147.38,149.22 2 1
github.com/dasiyes/ivmsesman/ivmsesman.go:155.2,156.21 2 1
github.com/dasiyes/ivmsesman/ivmsesman.go:149.22,150.31 1 1
github.com/dasiyes/ivmsesman/ivmsesman.go:153.3,153.22 1 1
github.com/dasiyes/ivmsesman/ivmsesman.go:150.31,152.4 1 0
github.com/dasiyes/ivmsesman/ivmsesman.go:160.88,167.38 4 0
github.com/dasiyes/ivmsesman/ivmsesman.go:188.2,188.8 1 0
github.com/dasiyes/ivmsesman/ivmsesman.go:167.38,182.3 4 0
github.com/dasiyes/ivmsesman/ivmsesman.go:182.8,186.3 2 0
github.com/dasiyes/ivmsesman/ivmsesman.go:192.67,195.38 2 0
github.com/dasiyes/ivmsesman/ivmsesman.go:199.2,214.27 6 0
github.com/dasiyes/ivmsesman/ivmsesman.go:195.38,197.3 1 0
github.com/dasiyes/ivmsesman/ivmsesman.go:226.24,232.59 4 0
github.com/dasiyes/ivmsesman/ivmsesman.go:232.59,232.70 1 0
github.com/dasiyes/ivmsesman/ivmsesman.go:236.80,239.38 2 0
github.com/dasiyes/ivmsesman/ivmsesman.go:243.2,246.46 3 0
github.com/dasiyes/ivmsesman/ivmsesman.go:239.38,241.3 1 0
